{"logTime": "0314/151234", "correlationVector":"o8vesZPcd6d3TiAZ+VfEAK.1","action":"SyncServerConnectionManagerRequest", "result":"SYNC_SERVER_OK", "context":{"environment":"Prod_eastasia_prod-s01-034-apac-eastasia", "migrationStage":"NotStarted", "server":"akswtt00500001s"}}
{"logTime": "0314/151234", "correlationVector":"o8vesZPcd6d3TiAZ+VfEAK.2","action":"ProcessGetUpdates", "result":"Done", "context":{"dataType":"Encryption Keys", "deleted":"0", "process_failed_to_decrypt":"0", "process_pending_decryption":"0", "process_success":"1", "total":"1"}}
{"logTime": "0314/151234", "correlationVector":"FRBX37kfEXGddq8ZDD1S8u","action":"SyncServerConnectionManagerRequest", "result":"SYNC_SERVER_OK", "context":{"environment":"", "migrationStage":"", "server":""}}
{"logTime": "0314/151234", "correlationVector":"FRBX37kfEXGddq8ZDD1S8u.0","action":"EncryptionKeysFetcher.DownloadKeys:", "result":"Success", "context":Key count: 9, Last key timestamp: 2025-02-18T01:36:53Z}
{"logTime": "0314/151234", "correlationVector":"FRBX37kfEXGddq8ZDD1S8u.1","action":"EncryptionKeysManager::SetEncryptionKeys:", "result":"Success", "context":Key names[9]:[3/f8N+NiDt2i5QUz5t5EY5E/XX32bJtI1I5Y00q2AZXG3+Xsgcl5WPJD2fDArEuSU7C1oRok081k7jrw9oUuYw==][jfxlvF303FKwqgUmc70pq9SDIq92ObAFM+ccWMM7lCEhvDmpxRCK3zWRF3eqI+sgeR9RytWyDKcW76BSNTBwcA==][CRJoJf67nqJgAgCI6AHoIEhulbK9SWda1Sk04FnWpu91giEuBW2gooQhGGnYT5s8dJlRdnqcryp4Mc6e4803iQ==][uzTJNIYF9Ae5LqCPXIu7X9B9IGs707dYQkOjgWotU/SFMzsGaoIvlhpXyIyYq26uKhRhjFtIWzpTobc2vYFv5Q==][f0Z6+KwvoNn+23pV3LWPUdP811yBkcPkS0q4S1epsBhmOG/pKmv19Ob8Hv95++f0TMc+plEUWY3G5hts7gEPjQ==][Abz3BioQ6PHkdmwxOAbIVYAT8ClzZlPd8XEqfyG7P5KrK+NR/SRhOmKEFLQTDZ0ss8awvrc6JssAZf9J2wDDEA==][R9CAWa2IRoAwDidPiq7iUJcvUYpUYmzRPuyaM2/805Fdf6i5hOVD3bRBGzJAthGjNNwnAsXhHJBOvmyzJDmNlw==][H/LoQ4TPBP/ohqHfqblBUwKbpVYRSjOrc+/z1TfRPDerbeNufSL1qFV44qOZTZ1QinSPR408cFG7vs9LJSOdAQ==][QFCtgKUiE5/E2hADkyBg5xHN1oDQjVVWWx0cJ1PU4JzpCJ3XF2CMYJeFVNpkDietaGLCnViR8VrGeJJY/1YXyA==]}
{"logTime": "0314/151234", "correlationVector":"FRBX37kfEXGddq8ZDD1S8u.2","action":"EncryptionKeysManager::SetEncryptionKeysWithTimestamps:", "result":"Success", "context":Key timestamps[9]:[2020-08-19T13:28:40Z][2021-05-28T13:32:29Z][2022-01-08T06:20:03Z][2022-07-20T03:12:37Z][2023-05-26T06:02:42Z][2023-07-19T03:52:48Z][2024-01-23T05:30:26Z][2024-08-13T16:09:21Z][2025-02-18T01:36:53Z]}
{"logTime": "0314/151234", "correlationVector":"o8vesZPcd6d3TiAZ+VfEAK","action":"Initial GetUpdates", "result":"", "context":Reason: NEW_CLIENT. cV=o8vesZPcd6d3TiAZ+VfEAK}
{"logTime": "0314/151234", "correlationVector":"o8vesZPcd6d3TiAZ+VfEAK.3","action":"GetUpdates Response", "result":"Success", "context":Received 1 update(s). cV=o8vesZPcd6d3TiAZ+VfEAK.0;server=akswtt00500001s;cloudType=Consumer;environment=Prod_eastasia_prod-s01-034-apac-eastasia;migrationStage=NotStarted}
{"logTime": "0314/151234", "correlationVector":"yLMPiS3d1mx4PDjBTRTquD","action":"Initial GetUpdates", "result":"", "context":Reason: NEWLY_SUPPORTED_DATATYPE. cV=yLMPiS3d1mx4PDjBTRTquD}
{"logTime": "0314/151235", "correlationVector":"yLMPiS3d1mx4PDjBTRTquD.1","action":"SyncServerConnectionManagerRequest", "result":"SYNC_SERVER_OK", "context":{"environment":"Prod_eastasia_prod-s01-034-apac-eastasia", "migrationStage":"NotStarted", "server":"akswtt005000057"}}
{"logTime": "0314/151235", "correlationVector":"yLMPiS3d1mx4PDjBTRTquD.2","action":"ProcessGetUpdates", "result":"Done", "context":{"dataType":"Preferences", "deleted":"2", "process_failed_to_decrypt":"0", "process_pending_decryption":"0", "process_success":"84", "total":"84"}}
{"logTime": "0314/151235", "correlationVector":"yLMPiS3d1mx4PDjBTRTquD.3","action":"ProcessGetUpdates", "result":"Done", "context":{"dataType":"Passwords", "deleted":"0", "process_failed_to_decrypt":"0", "process_pending_decryption":"0", "process_success":"143", "total":"143"}}
{"logTime": "0314/151235", "correlationVector":"yLMPiS3d1mx4PDjBTRTquD.4","action":"ProcessGetUpdates", "result":"Done", "context":{"dataType":"Device Info", "deleted":"0", "process_failed_to_decrypt":"0", "process_pending_decryption":"0", "process_success":"23", "total":"23"}}
{"logTime": "0314/151235", "correlationVector":"yLMPiS3d1mx4PDjBTRTquD.5","action":"GetUpdates Response", "result":"Success", "context":Received 250 update(s). cV=yLMPiS3d1mx4PDjBTRTquD.0;server=akswtt005000057;cloudType=Consumer;environment=Prod_eastasia_prod-s01-034-apac-eastasia;migrationStage=NotStarted Some updates remain.}
{"logTime": "0314/151235", "correlationVector":"SbygMFkcXegZs1w13B6Las","action":"Initial GetUpdates", "result":"", "context":Reason: NEWLY_SUPPORTED_DATATYPE. cV=SbygMFkcXegZs1w13B6Las}
{"logTime": "0314/151236", "correlationVector":"SbygMFkcXegZs1w13B6Las.1","action":"SyncServerConnectionManagerRequest", "result":"SYNC_SERVER_OK", "context":{"environment":"Prod_eastasia_prod-s01-034-apac-eastasia", "migrationStage":"NotStarted", "server":"akswtt00500000b"}}
{"logTime": "0314/151236", "correlationVector":"SbygMFkcXegZs1w13B6Las.2","action":"ProcessGetUpdates", "result":"Done", "context":{"dataType":"Preferences", "deleted":"1", "process_failed_to_decrypt":"0", "process_pending_decryption":"0", "process_success":"7", "total":"7"}}
{"logTime": "0314/151236", "correlationVector":"SbygMFkcXegZs1w13B6Las.3","action":"ProcessGetUpdates", "result":"Done", "context":{"dataType":"Passwords", "deleted":"1", "process_failed_to_decrypt":"0", "process_pending_decryption":"0", "process_success":"149", "total":"149"}}
{"logTime": "0314/151236", "correlationVector":"SbygMFkcXegZs1w13B6Las.4","action":"ProcessGetUpdates", "result":"Done", "context":{"dataType":"Device Info", "deleted":"0", "process_failed_to_decrypt":"0", "process_pending_decryption":"0", "process_success":"25", "total":"25"}}
{"logTime": "0314/151236", "correlationVector":"SbygMFkcXegZs1w13B6Las.5","action":"GetUpdates Response", "result":"Success", "context":Received 181 update(s). cV=SbygMFkcXegZs1w13B6Las.0;server=akswtt00500000b;cloudType=Consumer;environment=Prod_eastasia_prod-s01-034-apac-eastasia;migrationStage=NotStarted}
{"logTime": "0314/151236", "correlationVector":"DNZnEmxd8DToi68ThByr64","action":"Initial GetUpdates", "result":"", "context":Reason: NEWLY_SUPPORTED_DATATYPE. cV=DNZnEmxd8DToi68ThByr64}
{"logTime": "0314/151236", "correlationVector":"DNZnEmxd8DToi68ThByr64.1","action":"SyncServerConnectionManagerRequest", "result":"SYNC_SERVER_OK", "context":{"environment":"Prod_eastasia_prod-s01-034-apac-eastasia", "migrationStage":"NotStarted", "server":"akswtt00500004e"}}
{"logTime": "0314/151236", "correlationVector":"DNZnEmxd8DToi68ThByr64.2","action":"ProcessGetUpdates", "result":"Done", "context":{"dataType":"Bookmarks", "deleted":"0", "process_failed_to_decrypt":"0", "process_pending_decryption":"0", "process_success":"16", "total":"16"}}
{"logTime": "0314/151236", "correlationVector":"DNZnEmxd8DToi68ThByr64.3","action":"GetUpdates Response", "result":"Success", "context":Received 16 update(s). cV=DNZnEmxd8DToi68ThByr64.0;server=akswtt00500004e;cloudType=Consumer;environment=Prod_eastasia_prod-s01-034-apac-eastasia;migrationStage=NotStarted}
{"logTime": "0314/151236", "correlationVector":"XJyJQpPX4NgslMC7aYRlce","action":"Initial GetUpdates", "result":"", "context":Reason: NEWLY_SUPPORTED_DATATYPE. cV=XJyJQpPX4NgslMC7aYRlce}
{"logTime": "0314/151236", "correlationVector":"XJyJQpPX4NgslMC7aYRlce.1","action":"SyncServerConnectionManagerRequest", "result":"SYNC_SERVER_OK", "context":{"environment":"Prod_eastasia_prod-s01-034-apac-eastasia", "migrationStage":"NotStarted", "server":"akswtt00500000s"}}
{"logTime": "0314/151236", "correlationVector":"XJyJQpPX4NgslMC7aYRlce.2","action":"ProcessGetUpdates", "result":"Done", "context":{"dataType":"Autofill Profiles", "deleted":"0", "process_failed_to_decrypt":"0", "process_pending_decryption":"0", "process_success":"3", "total":"3"}}
{"logTime": "0314/151236", "correlationVector":"XJyJQpPX4NgslMC7aYRlce.3","action":"ProcessGetUpdates", "result":"Done", "context":{"dataType":"Autofill", "deleted":"0", "process_failed_to_decrypt":"0", "process_pending_decryption":"0", "process_success":"226", "total":"226"}}
{"logTime": "0314/151236", "correlationVector":"XJyJQpPX4NgslMC7aYRlce.4","action":"ProcessGetUpdates", "result":"Done", "context":{"dataType":"Extensions", "deleted":"0", "process_failed_to_decrypt":"0", "process_pending_decryption":"0", "process_success":"1", "total":"1"}}
{"logTime": "0314/151236", "correlationVector":"XJyJQpPX4NgslMC7aYRlce.5","action":"ProcessGetUpdates", "result":"Done", "context":{"dataType":"Sessions", "deleted":"12", "process_failed_to_decrypt":"0", "process_pending_decryption":"0", "process_success":"12", "total":"12"}}
{"logTime": "0314/151236", "correlationVector":"XJyJQpPX4NgslMC7aYRlce.6","action":"ProcessGetUpdates", "result":"Done", "context":{"dataType":"Edge Hub App Usage", "deleted":"6", "process_failed_to_decrypt":"0", "process_pending_decryption":"0", "process_success":"8", "total":"8"}}
{"logTime": "0314/151236", "correlationVector":"XJyJQpPX4NgslMC7aYRlce.7","action":"GetUpdates Response", "result":"Success", "context":Received 250 update(s). cV=XJyJQpPX4NgslMC7aYRlce.0;server=akswtt00500000s;cloudType=Consumer;environment=Prod_eastasia_prod-s01-034-apac-eastasia;migrationStage=NotStarted Some updates remain.}
{"logTime": "0314/151236", "correlationVector":"UT/4HpK9c8p4fwlk1LEsfZ","action":"Initial GetUpdates", "result":"", "context":Reason: NEWLY_SUPPORTED_DATATYPE. cV=UT/4HpK9c8p4fwlk1LEsfZ}
{"logTime": "0314/151237", "correlationVector":"UT/4HpK9c8p4fwlk1LEsfZ.1","action":"SyncServerConnectionManagerRequest", "result":"SYNC_SERVER_OK", "context":{"environment":"Prod_eastasia_prod-s01-034-apac-eastasia", "migrationStage":"NotStarted", "server":"akswtt005000033"}}
{"logTime": "0314/151237", "correlationVector":"UT/4HpK9c8p4fwlk1LEsfZ.2","action":"ProcessGetUpdates", "result":"Done", "context":{"dataType":"Autofill Profiles", "deleted":"0", "process_failed_to_decrypt":"0", "process_pending_decryption":"0", "process_success":"3", "total":"3"}}
{"logTime": "0314/151237", "correlationVector":"UT/4HpK9c8p4fwlk1LEsfZ.3","action":"ProcessGetUpdates", "result":"Done", "context":{"dataType":"Autofill", "deleted":"0", "process_failed_to_decrypt":"0", "process_pending_decryption":"0", "process_success":"182", "total":"182"}}
{"logTime": "0314/151237", "correlationVector":"UT/4HpK9c8p4fwlk1LEsfZ.4","action":"ProcessGetUpdates", "result":"Done", "context":{"dataType":"Extensions", "deleted":"0", "process_failed_to_decrypt":"0", "process_pending_decryption":"0", "process_success":"2", "total":"2"}}
{"logTime": "0314/151237", "correlationVector":"UT/4HpK9c8p4fwlk1LEsfZ.5","action":"ProcessGetUpdates", "result":"Done", "context":{"dataType":"Sessions", "deleted":"34", "process_failed_to_decrypt":"0", "process_pending_decryption":"0", "process_success":"61", "total":"61"}}
{"logTime": "0314/151237", "correlationVector":"UT/4HpK9c8p4fwlk1LEsfZ.6","action":"ProcessGetUpdates", "result":"Done", "context":{"dataType":"Edge Hub App Usage", "deleted":"2", "process_failed_to_decrypt":"0", "process_pending_decryption":"0", "process_success":"2", "total":"2"}}
{"logTime": "0314/151237", "correlationVector":"UT/4HpK9c8p4fwlk1LEsfZ.7","action":"GetUpdates Response", "result":"Success", "context":Received 250 update(s). cV=UT/4HpK9c8p4fwlk1LEsfZ.0;server=akswtt005000033;cloudType=Consumer;environment=Prod_eastasia_prod-s01-034-apac-eastasia;migrationStage=NotStarted Some updates remain.}
{"logTime": "0314/151237", "correlationVector":"Q4SjNoGmSnWCMBjEqaK5K2","action":"Initial GetUpdates", "result":"", "context":Reason: NEWLY_SUPPORTED_DATATYPE. cV=Q4SjNoGmSnWCMBjEqaK5K2}
{"logTime": "0314/151237", "correlationVector":"Q4SjNoGmSnWCMBjEqaK5K2.1","action":"SyncServerConnectionManagerRequest", "result":"SYNC_SERVER_OK", "context":{"environment":"Prod_eastasia_prod-s01-034-apac-eastasia", "migrationStage":"NotStarted", "server":"akswtt00500003j"}}
{"logTime": "0314/151237", "correlationVector":"Q4SjNoGmSnWCMBjEqaK5K2.2","action":"ProcessGetUpdates", "result":"Done", "context":{"dataType":"Sessions", "deleted":"5", "process_failed_to_decrypt":"0", "process_pending_decryption":"0", "process_success":"11", "total":"11"}}
{"logTime": "0314/151237", "correlationVector":"Q4SjNoGmSnWCMBjEqaK5K2.3","action":"GetUpdates Response", "result":"Success", "context":Received 11 update(s). cV=Q4SjNoGmSnWCMBjEqaK5K2.0;server=akswtt00500003j;cloudType=Consumer;environment=Prod_eastasia_prod-s01-034-apac-eastasia;migrationStage=NotStarted}
{"logTime": "0314/151237", "correlationVector":"FfL9ftiTenc5zOTXK1e5P6","action":"Initial GetUpdates", "result":"", "context":Reason: NEWLY_SUPPORTED_DATATYPE. cV=FfL9ftiTenc5zOTXK1e5P6}
{"logTime": "0314/151237", "correlationVector":"FfL9ftiTenc5zOTXK1e5P6.1","action":"SyncServerConnectionManagerRequest", "result":"SYNC_SERVER_OK", "context":{"environment":"Prod_eastasia_prod-s01-034-apac-eastasia", "migrationStage":"NotStarted", "server":"akswtt00500004g"}}
{"logTime": "0314/151237", "correlationVector":"FfL9ftiTenc5zOTXK1e5P6.2","action":"ProcessGetUpdates", "result":"Done", "context":{"dataType":"History", "deleted":"0", "process_failed_to_decrypt":"0", "process_pending_decryption":"0", "process_success":"181", "total":"181"}}
{"logTime": "0314/151237", "correlationVector":"FfL9ftiTenc5zOTXK1e5P6.3","action":"GetUpdates Response", "result":"Success", "context":Received 181 update(s). cV=FfL9ftiTenc5zOTXK1e5P6.0;server=akswtt00500004g;cloudType=Consumer;environment=Prod_eastasia_prod-s01-034-apac-eastasia;migrationStage=NotStarted}
{"logTime": "0314/151237", "correlationVector":"c4d1bRyZVaNxHzqlmMb1pn","action":"Normal GetUpdate request", "result":"", "context":cV=c4d1bRyZVaNxHzqlmMb1pn
Nudged types: Sessions, Device Info, User Consents
Refresh requested types: Bookmarks, Preferences, Passwords, Autofill Profiles, Autofill, Extensions, Sessions, Extension settings, History Delete Directives, Device Info, User Consents, Send Tab To Self, Web Apps, History, Collection, Edge E Drop, Edge Hub App Usage, Edge Tab Group, Edge Wallet, Encryption Keys}
{"logTime": "0314/151238", "correlationVector":"c4d1bRyZVaNxHzqlmMb1pn.1","action":"SyncServerConnectionManagerRequest", "result":"SYNC_SERVER_OK", "context":{"environment":"Prod_eastasia_prod-s01-034-apac-eastasia", "migrationStage":"NotStarted", "server":"akswtt00500003a"}}
{"logTime": "0314/151238", "correlationVector":"c4d1bRyZVaNxHzqlmMb1pn.2","action":"GetUpdates Response", "result":"Success", "context":Received 0 update(s). cV=c4d1bRyZVaNxHzqlmMb1pn.0;server=akswtt00500003a;cloudType=Consumer;environment=Prod_eastasia_prod-s01-034-apac-eastasia;migrationStage=NotStarted}
{"logTime": "0314/151238", "correlationVector":"b6ScA5j77tX8Vlh6+wHFdQ","action":"DoCompareDataConsistency requsted types: ", "result":"Bookmarks, Preferences, Passwords, Extensions, Extension settings, History Delete Directives, Send Tab To Self, Web Apps, History, Collection, Edge E Drop, Edge Tab Group, Edge Wallet, Encryption Keys"}
{"logTime": "0314/151238", "correlationVector":"b6ScA5j77tX8Vlh6+wHFdQ.0","action":"CompareDataConsistency result: ", "result":"Compare result: Encryption Keys is consistent. local entities count is: 1 local entities hash is: e3dgVmQB5MCl7/Imvm+RXX4oJJc="}
{"logTime": "0314/151238", "correlationVector":"b6ScA5j77tX8Vlh6+wHFdQ.1","action":"CompareDataConsistency result: ", "result":"Compare result: Bookmarks is consistent. local entities count is: 11 local entities hash is: 9kFuI5dtZI5Ls688XZXTcDFlUzU="}
{"logTime": "0314/151238", "correlationVector":"b6ScA5j77tX8Vlh6+wHFdQ.2","action":"CompareDataConsistency result: ", "result":"Compare result: Preferences is consistent. local entities count is: 88 local entities hash is: ticQRJ/KdWHjw/IKs+L90cUjb00="}
{"logTime": "0314/151238", "correlationVector":"b6ScA5j77tX8Vlh6+wHFdQ.3","action":"CompareDataConsistency result: ", "result":"Compare result: Extensions is consistent. local entities count is: 3 local entities hash is: KE5S0nTSpZy8mGQSc/01iD/JiYQ="}
{"logTime": "0314/151238", "correlationVector":"b6ScA5j77tX8Vlh6+wHFdQ.4","action":"CompareDataConsistency result: ", "result":"Compare result: Extension settings is consistent. local entities count is: 0 local entities hash is: "}
{"logTime": "0314/151238", "correlationVector":"b6ScA5j77tX8Vlh6+wHFdQ.5","action":"CompareDataConsistency result: ", "result":"Compare result: History Delete Directives is consistent. local entities count is: 0 local entities hash is: "}
{"logTime": "0314/151238", "correlationVector":"b6ScA5j77tX8Vlh6+wHFdQ.6","action":"CompareDataConsistency result: ", "result":"Server did not send this Send Tab To Self local entities count is: 0 local entities hash is: "}
{"logTime": "0314/151238", "correlationVector":"b6ScA5j77tX8Vlh6+wHFdQ.7","action":"CompareDataConsistency result: ", "result":"Compare result: Web Apps is consistent. local entities count is: 0 local entities hash is: "}
{"logTime": "0314/151238", "correlationVector":"b6ScA5j77tX8Vlh6+wHFdQ.8","action":"CompareDataConsistency result: ", "result":"Server did not send this History local entities count is: 0 local entities hash is: "}
{"logTime": "0314/151238", "correlationVector":"b6ScA5j77tX8Vlh6+wHFdQ.9","action":"CompareDataConsistency result: ", "result":"Compare result: Collection is consistent. local entities count is: 0 local entities hash is: "}
{"logTime": "0314/151238", "correlationVector":"b6ScA5j77tX8Vlh6+wHFdQ.10","action":"CompareDataConsistency result: ", "result":"Compare result: Edge E Drop is consistent. local entities count is: 0 local entities hash is: "}
{"logTime": "0314/151238", "correlationVector":"b6ScA5j77tX8Vlh6+wHFdQ.11","action":"CompareDataConsistency result: ", "result":"Compare result: Edge Tab Group is consistent. local entities count is: 0 local entities hash is: "}
{"logTime": "0314/151238", "correlationVector":"b6ScA5j77tX8Vlh6+wHFdQ.12","action":"CompareDataConsistency result: ", "result":"Compare result: Edge Wallet is consistent. local entities count is: 0 local entities hash is: "}
{"logTime": "0314/151238", "correlationVector":"b6ScA5j77tX8Vlh6+wHFdQ.13","action":"CompareDataConsistency result: ", "result":"Compare result: Passwords is consistent. local entities count is: 291 local entities hash is: 43hHk4lBo5nEpTrZ2AUjmIh12NU="}
{"logTime": "0314/151238", "correlationVector":"98z7+lW/8L9TNF06AAKT5L","action":"Commit Request", "result":"", "context":Item count: 5
Contributing types: Sessions, Device Info, User Consents}
{"logTime": "0314/151238", "correlationVector":"98z7+lW/8L9TNF06AAKT5L.1","action":"SyncServerConnectionManagerRequest", "result":"SYNC_SERVER_OK", "context":{"environment":"Prod_eastasia_prod-s01-034-apac-eastasia", "migrationStage":"NotStarted", "server":"akswtt00500002p"}}
{"logTime": "0314/151238", "correlationVector":"98z7+lW/8L9TNF06AAKT5L.2","action":"Commit Response", "result":"Success", "context":Result: Success. cV=98z7+lW/8L9TNF06AAKT5L.0;server=akswtt00500002p;cloudType=Consumer;environment=Prod_eastasia_prod-s01-034-apac-eastasia;migrationStage=NotStarted}
{"logTime": "0314/151239", "correlationVector":"","action":"DIAGNOSTIC_REQUEST|v1/diagnosticData/Diagnostic.SendCheckResult()|SUCCESS", "result":""}
{"logTime": "0314/151241", "correlationVector":"rF8ED+zEkBp8/Ne3vp2ymL","action":"Commit Request", "result":"", "context":Item count: 4
Contributing types: Preferences, Sessions, History}
{"logTime": "0314/151241", "correlationVector":"rF8ED+zEkBp8/Ne3vp2ymL.1","action":"SyncServerConnectionManagerRequest", "result":"SYNC_SERVER_OK", "context":{"environment":"Prod_eastasia_prod-s01-034-apac-eastasia", "migrationStage":"NotStarted", "server":"akswtt00500004g"}}
{"logTime": "0314/151241", "correlationVector":"rF8ED+zEkBp8/Ne3vp2ymL.2","action":"Commit Response", "result":"Success", "context":Result: Success. cV=rF8ED+zEkBp8/Ne3vp2ymL.0;server=akswtt00500004g;cloudType=Consumer;environment=Prod_eastasia_prod-s01-034-apac-eastasia;migrationStage=NotStarted}
{"logTime": "0314/151248", "correlationVector":"A+Gbe6TVNjQ9OybijGC9A5","action":"Commit Request", "result":"", "context":Item count: 3
Contributing types: Preferences, Passwords, History}
{"logTime": "0314/151248", "correlationVector":"A+Gbe6TVNjQ9OybijGC9A5.1","action":"SyncServerConnectionManagerRequest", "result":"SYNC_SERVER_OK", "context":{"environment":"Prod_eastasia_prod-s01-034-apac-eastasia", "migrationStage":"NotStarted", "server":"akswtt00500004n"}}
{"logTime": "0314/151248", "correlationVector":"A+Gbe6TVNjQ9OybijGC9A5.2","action":"Commit Response", "result":"Success", "context":Result: Success. cV=A+Gbe6TVNjQ9OybijGC9A5.0;server=akswtt00500004n;cloudType=Consumer;environment=Prod_eastasia_prod-s01-034-apac-eastasia;migrationStage=NotStarted}
{"logTime": "0314/151408", "correlationVector":"ccw/JVb+pVzvYZNTVijLve","action":"Commit Request", "result":"", "context":Item count: 1
Contributing types: Sessions}
{"logTime": "0314/151408", "correlationVector":"ccw/JVb+pVzvYZNTVijLve.1","action":"SyncServerConnectionManagerRequest", "result":"SYNC_SERVER_OK", "context":{"environment":"Prod_eastasia_prod-s01-034-apac-eastasia", "migrationStage":"NotStarted", "server":"akswtt00500004n"}}
{"logTime": "0314/151408", "correlationVector":"ccw/JVb+pVzvYZNTVijLve.2","action":"Commit Response", "result":"Success", "context":Result: Success. cV=ccw/JVb+pVzvYZNTVijLve.0;server=akswtt00500004n;cloudType=Consumer;environment=Prod_eastasia_prod-s01-034-apac-eastasia;migrationStage=NotStarted}
{"logTime": "0314/151625", "correlationVector":"Q4HYAdJk0z0eL8h3H2bBh+","action":"Commit Request", "result":"", "context":Item count: 5
Contributing types: Sessions, History}
{"logTime": "0314/151625", "correlationVector":"Q4HYAdJk0z0eL8h3H2bBh+.1","action":"SyncServerConnectionManagerRequest", "result":"SYNC_SERVER_OK", "context":{"environment":"Prod_eastasia_prod-s01-034-apac-eastasia", "migrationStage":"NotStarted", "server":"akswtt00500000p"}}
{"logTime": "0314/151625", "correlationVector":"Q4HYAdJk0z0eL8h3H2bBh+.2","action":"Commit Response", "result":"Success", "context":Result: Success. cV=Q4HYAdJk0z0eL8h3H2bBh+.0;server=akswtt00500000p;cloudType=Consumer;environment=Prod_eastasia_prod-s01-034-apac-eastasia;migrationStage=NotStarted}
{"logTime": "0314/151909", "correlationVector":"weCFxj24Jl7Ns3iILCVFGP","action":"Commit Request", "result":"", "context":Item count: 5
Contributing types: Sessions, History}
{"logTime": "0314/151909", "correlationVector":"weCFxj24Jl7Ns3iILCVFGP.1","action":"SyncServerConnectionManagerRequest", "result":"SYNC_SERVER_OK", "context":{"environment":"Prod_eastasia_prod-s01-034-apac-eastasia", "migrationStage":"NotStarted", "server":"akswtt00500002f"}}
{"logTime": "0314/151909", "correlationVector":"weCFxj24Jl7Ns3iILCVFGP.2","action":"Commit Response", "result":"Success", "context":Result: Success. cV=weCFxj24Jl7Ns3iILCVFGP.0;server=akswtt00500002f;cloudType=Consumer;environment=Prod_eastasia_prod-s01-034-apac-eastasia;migrationStage=NotStarted}
{"logTime": "0314/152036", "correlationVector":"6ZYcV83nW5Yc7dbw/SOqx0","action":"Commit Request", "result":"", "context":Item count: 4
Contributing types: Sessions, History}
{"logTime": "0314/152036", "correlationVector":"6ZYcV83nW5Yc7dbw/SOqx0.1","action":"SyncServerConnectionManagerRequest", "result":"SYNC_SERVER_OK", "context":{"environment":"Prod_eastasia_prod-s01-034-apac-eastasia", "migrationStage":"NotStarted", "server":"akswtt005000007"}}
{"logTime": "0314/152036", "correlationVector":"6ZYcV83nW5Yc7dbw/SOqx0.2","action":"Commit Response", "result":"Success", "context":Result: Success. cV=6ZYcV83nW5Yc7dbw/SOqx0.0;server=akswtt005000007;cloudType=Consumer;environment=Prod_eastasia_prod-s01-034-apac-eastasia;migrationStage=NotStarted}
{"logTime": "0314/152209", "correlationVector":"2fs+NI/9Syk2MsnIPaUdjX","action":"Commit Request", "result":"", "context":Item count: 5
Contributing types: Sessions, History}
{"logTime": "0314/152209", "correlationVector":"2fs+NI/9Syk2MsnIPaUdjX.1","action":"SyncServerConnectionManagerRequest", "result":"SYNC_SERVER_OK", "context":{"environment":"Prod_eastasia_prod-s01-034-apac-eastasia", "migrationStage":"NotStarted", "server":"akswtt005000022"}}
{"logTime": "0314/152209", "correlationVector":"2fs+NI/9Syk2MsnIPaUdjX.2","action":"Commit Response", "result":"Success", "context":Result: Success. cV=2fs+NI/9Syk2MsnIPaUdjX.0;server=akswtt005000022;cloudType=Consumer;environment=Prod_eastasia_prod-s01-034-apac-eastasia;migrationStage=NotStarted}
{"logTime": "0314/152309", "correlationVector":"i2KVMGi+TO5MolFMyU3Hga","action":"Commit Request", "result":"", "context":Item count: 6
Contributing types: Sessions, History}
{"logTime": "0314/152310", "correlationVector":"i2KVMGi+TO5MolFMyU3Hga.1","action":"SyncServerConnectionManagerRequest", "result":"SYNC_SERVER_OK", "context":{"environment":"Prod_eastasia_prod-s01-034-apac-eastasia", "migrationStage":"NotStarted", "server":"akswtt005000023"}}
{"logTime": "0314/152310", "correlationVector":"i2KVMGi+TO5MolFMyU3Hga.2","action":"Commit Response", "result":"Success", "context":Result: Success. cV=i2KVMGi+TO5MolFMyU3Hga.0;server=akswtt005000023;cloudType=Consumer;environment=Prod_eastasia_prod-s01-034-apac-eastasia;migrationStage=NotStarted}
{"logTime": "0314/152310", "correlationVector":"i2KVMGi+TO5MolFMyU3Hga.3","action":"Commit.Sessions", "result":"Success", "context":{"id":"f4af606f-806b-4cb2-b8ac-4dc48dc6e503", "isDeleted":"true", "size":"0", "version":"1740756045021"}}
{"logTime": "0314/152310", "correlationVector":"i2KVMGi+TO5MolFMyU3Hga.4","action":"Commit.Sessions", "result":"Success", "context":{"id":"f8556ab1-a694-4f0d-b805-688a352a89ab", "isDeleted":"true", "size":"0", "version":"1740756045022"}}
{"logTime": "0314/152435", "correlationVector":"57uVm6w+nj238jaUUZd/js","action":"Commit Request", "result":"", "context":Item count: 5
Contributing types: Sessions, History}
{"logTime": "0314/152436", "correlationVector":"57uVm6w+nj238jaUUZd/js.1","action":"SyncServerConnectionManagerRequest", "result":"SYNC_SERVER_OK", "context":{"environment":"Prod_eastasia_prod-s01-034-apac-eastasia", "migrationStage":"NotStarted", "server":"akswtt00500001v"}}
{"logTime": "0314/152436", "correlationVector":"57uVm6w+nj238jaUUZd/js.2","action":"Commit Response", "result":"Success", "context":Result: Success. cV=57uVm6w+nj238jaUUZd/js.0;server=akswtt00500001v;cloudType=Consumer;environment=Prod_eastasia_prod-s01-034-apac-eastasia;migrationStage=NotStarted}
{"logTime": "0314/153743", "correlationVector":"3RXAkvZnkG1DGQDX/zFWcP","action":"Commit Request", "result":"", "context":Item count: 1
Contributing types: Sessions}
{"logTime": "0314/153743", "correlationVector":"3RXAkvZnkG1DGQDX/zFWcP.1","action":"SyncServerConnectionManagerRequest", "result":"SYNC_SERVER_OK", "context":{"environment":"Prod_eastasia_prod-s01-034-apac-eastasia", "migrationStage":"NotStarted", "server":"akswtt005000007"}}
{"logTime": "0314/153743", "correlationVector":"3RXAkvZnkG1DGQDX/zFWcP.2","action":"Commit Response", "result":"Success", "context":Result: Success. cV=3RXAkvZnkG1DGQDX/zFWcP.0;server=akswtt005000007;cloudType=Consumer;environment=Prod_eastasia_prod-s01-034-apac-eastasia;migrationStage=NotStarted}
{"logTime": "0314/153843", "correlationVector":"sUZY0rJXj+T2GcdGdPLPCn","action":"Commit Request", "result":"", "context":Item count: 5
Contributing types: Sessions}
{"logTime": "0314/153844", "correlationVector":"sUZY0rJXj+T2GcdGdPLPCn.1","action":"SyncServerConnectionManagerRequest", "result":"SYNC_SERVER_OK", "context":{"environment":"Prod_eastasia_prod-s01-034-apac-eastasia", "migrationStage":"NotStarted", "server":"akswtt00500000x"}}
{"logTime": "0314/153844", "correlationVector":"sUZY0rJXj+T2GcdGdPLPCn.3","action":"Commit.Sessions", "result":"Success", "context":{"id":"753ae897-c643-4d5b-b4ed-9e6997a972af", "isDeleted":"true", "size":"0", "version":"1740756750706"}}
{"logTime": "0314/153844", "correlationVector":"sUZY0rJXj+T2GcdGdPLPCn.2","action":"Commit Response", "result":"Success", "context":Result: Success. cV=sUZY0rJXj+T2GcdGdPLPCn.0;server=akswtt00500000x;cloudType=Consumer;environment=Prod_eastasia_prod-s01-034-apac-eastasia;migrationStage=NotStarted}
{"logTime": "0314/153844", "correlationVector":"sUZY0rJXj+T2GcdGdPLPCn.4","action":"Commit.Sessions", "result":"Success", "context":{"id":"1893d976-5514-43b9-811a-c1ca83807812", "isDeleted":"true", "size":"0", "version":"1740756750707"}}
{"logTime": "0314/153844", "correlationVector":"sUZY0rJXj+T2GcdGdPLPCn.5","action":"Commit.Sessions", "result":"Success", "context":{"id":"ff830a39-6d75-4d68-9276-7d447c696e73", "isDeleted":"true", "size":"0", "version":"1740757026511"}}
{"logTime": "0314/153844", "correlationVector":"sUZY0rJXj+T2GcdGdPLPCn.6","action":"Commit.Sessions", "result":"Success", "context":{"id":"3d6cb731-0691-4876-beff-42f6f0932284", "isDeleted":"true", "size":"0", "version":"1740756367010"}}
{"logTime": "0314/153844", "correlationVector":"sUZY0rJXj+T2GcdGdPLPCn.7","action":"Commit.Sessions", "result":"Success", "context":{"id":"973c6383-a60b-4f7b-9996-3aef1f0cb5be", "isDeleted":"true", "size":"0", "version":"1740757026512"}}
